<?xml version="1.0" encoding="UTF-8" standalone="yes"?><!DOCTYPE report PUBLIC "-//JACOCO//DTD Report 1.0//EN" "report.dtd"><report name="Dependency-Check Core"><sessioninfo id="testing-gce-a8067901-dfa6-4021-8c3d-c5b7009c5a0b-bccc5b8d" start="1508323406557" dump="1508323409455"/><sessioninfo id="testing-gce-a8067901-dfa6-4021-8c3d-c5b7009c5a0b-a0758e4c" start="1508323410260" dump="1508323414617"/><sessioninfo id="testing-gce-a8067901-dfa6-4021-8c3d-c5b7009c5a0b-9f59717f" start="1508323457313" dump="1508323490733"/><sessioninfo id="testing-gce-a8067901-dfa6-4021-8c3d-c5b7009c5a0b-f1045325" start="1508323491850" dump="1508323675380"/><group name="dependency-check-utils"><package name="org/owasp/dependencycheck/utils"><class name="org/owasp/dependencycheck/utils/DownloadFailedException"><method name="&lt;init&gt;" desc="()V" line="38"><counter type="INSTRUCTION" missed="3" covered="0"/><counter type="LINE" missed="2" covered="0"/><counter type="COMPLEXITY" missed="1" covered="0"/><counter type="METHOD" missed="1" covered="0"/></method><method name="&lt;init&gt;" desc="(Ljava/lang/String;)V" line="47"><counter type="INSTRUCTION" missed="4" covered="0"/><counter type="LINE" missed="2" covered="0"/><counter type="COMPLEXITY" missed="1" covered="0"/><counter type="METHOD" missed="1" covered="0"/></method><method name="&lt;init&gt;" desc="(Ljava/lang/Throwable;)V" line="56"><counter type="INSTRUCTION" missed="4" covered="0"/><counter type="LINE" missed="2" covered="0"/><counter type="COMPLEXITY" missed="1" covered="0"/><counter type="METHOD" missed="1" covered="0"/></method><method name="&lt;init&gt;" desc="(Ljava/lang/String;Ljava/lang/Throwable;)V" line="66"><counter type="INSTRUCTION" missed="5" covered="0"/><counter type="LINE" missed="2" covered="0"/><counter type="COMPLEXITY" missed="1" covered="0"/><counter type="METHOD" missed="1" covered="0"/></method><counter type="INSTRUCTION" missed="16" covered="0"/><counter type="LINE" missed="8" covered="0"/><counter type="COMPLEXITY" missed="4" covered="0"/><counter type="METHOD" missed="4" covered="0"/><counter type="CLASS" missed="1" covered="0"/></class><class name="org/owasp/dependencycheck/utils/Downloader"><method name="&lt;init&gt;" desc="(Lorg/owasp/dependencycheck/utils/Settings;)V" line="79"><counter type="INSTRUCTION" missed="0" covered="12"/><counter type="LINE" missed="0" covered="4"/><counter type="COMPLEXITY" missed="0" covered="1"/><counter type="METHOD" missed="0" covered="1"/></method><method name="fetchFile" desc="(Ljava/net/URL;Ljava/io/File;)V" line="93"><counter type="INSTRUCTION" missed="0" covered="6"/><counter type="LINE" missed="0" covered="2"/><counter type="COMPLEXITY" missed="0" covered="1"/><counter type="METHOD" missed="0" covered="1"/></method><method name="fetchFile" desc="(Ljava/net/URL;Ljava/io/File;Z)V" line="107"><counter type="INSTRUCTION" missed="318" covered="167"/><counter type="BRANCH" missed="30" covered="18"/><counter type="LINE" missed="34" covered="47"/><counter type="COMPLEXITY" missed="21" covered="4"/><counter type="METHOD" missed="0" covered="1"/></method><method name="getLastModified" desc="(Ljava/net/URL;)J" line="235"><counter type="INSTRUCTION" missed="0" covered="5"/><counter type="LINE" missed="0" covered="1"/><counter type="COMPLEXITY" missed="0" covered="1"/><counter type="METHOD" missed="0" covered="1"/></method><method name="getLastModified" desc="(Ljava/net/URL;Z)J" line="251"><counter type="INSTRUCTION" missed="149" covered="56"/><counter type="BRANCH" missed="13" covered="5"/><counter type="LINE" missed="19" covered="19"/><counter type="COMPLEXITY" missed="8" covered="2"/><counter type="METHOD" missed="0" covered="1"/></method><method name="checkForCommonExceptionTypes" desc="(Ljava/io/IOException;)V" line="318"><counter type="INSTRUCTION" missed="70" covered="0"/><counter type="BRANCH" missed="6" covered="0"/><counter type="LINE" missed="16" covered="0"/><counter type="COMPLEXITY" missed="4" covered="0"/><counter type="METHOD" missed="1" covered="0"/></method><method name="determineHttpMethod" desc="()Ljava/lang/String;" line="346"><counter type="INSTRUCTION" missed="1" covered="6"/><counter type="BRANCH" missed="1" covered="1"/><counter type="LINE" missed="0" covered="1"/><counter type="COMPLEXITY" missed="1" covered="1"/><counter type="METHOD" missed="0" covered="1"/></method><method name="isQuickQuery" desc="()Z" line="359"><counter type="INSTRUCTION" missed="12" covered="9"/><counter type="BRANCH" missed="2" covered="0"/><counter type="LINE" missed="4" covered="3"/><counter type="COMPLEXITY" missed="1" covered="1"/><counter type="METHOD" missed="0" covered="1"/></method><method name="&lt;clinit&gt;" desc="()V" line="47"><counter type="INSTRUCTION" missed="0" covered="4"/><counter type="LINE" missed="0" covered="1"/><counter type="COMPLEXITY" missed="0" covered="1"/><counter type="METHOD" missed="0" covered="1"/></method><counter type="INSTRUCTION" missed="550" covered="265"/><counter type="BRANCH" missed="52" covered="24"/><counter type="LINE" missed="73" covered="78"/><counter type="COMPLEXITY" missed="35" covered="12"/><counter type="METHOD" missed="1" covered="8"/><counter type="CLASS" missed="0" covered="1"/></class><class name="org/owasp/dependencycheck/utils/InvalidSettingException"><method name="&lt;init&gt;" desc="()V" line="38"><counter type="INSTRUCTION" missed="3" covered="0"/><counter type="LINE" missed="2" covered="0"/><counter type="COMPLEXITY" missed="1" covered="0"/><counter type="METHOD" missed="1" covered="0"/></method><method name="&lt;init&gt;" desc="(Ljava/lang/String;)V" line="47"><counter type="INSTRUCTION" missed="0" covered="4"/><counter type="LINE" missed="0" covered="2"/><counter type="COMPLEXITY" missed="0" covered="1"/><counter type="METHOD" missed="0" covered="1"/></method><method name="&lt;init&gt;" desc="(Ljava/lang/Throwable;)V" line="56"><counter type="INSTRUCTION" missed="4" covered="0"/><counter type="LINE" missed="2" covered="0"/><counter type="COMPLEXITY" missed="1" covered="0"/><counter type="METHOD" missed="1" covered="0"/></method><method name="&lt;init&gt;" desc="(Ljava/lang/String;Ljava/lang/Throwable;)V" line="66"><counter type="INSTRUCTION" missed="5" covered="0"/><counter type="LINE" missed="2" covered="0"/><counter type="COMPLEXITY" missed="1" covered="0"/><counter type="METHOD" missed="1" covered="0"/></method><counter type="INSTRUCTION" missed="12" covered="4"/><counter type="LINE" missed="6" covered="2"/><counter type="COMPLEXITY" missed="3" covered="1"/><counter type="METHOD" missed="3" covered="1"/><counter type="CLASS" missed="0" covered="1"/></class><class name="org/owasp/dependencycheck/utils/SSLSocketFactoryEx"><method name="&lt;init&gt;" desc="(Lorg/owasp/dependencycheck/utils/Settings;)V" line="58"><counter type="INSTRUCTION" missed="0" covered="11"/><counter type="LINE" missed="0" covered="4"/><counter type="COMPLEXITY" missed="0" covered="1"/><counter type="METHOD" missed="0" covered="1"/></method><method name="&lt;init&gt;" desc="([Ljavax/net/ssl/KeyManager;[Ljavax/net/ssl/TrustManager;Ljava/security/SecureRandom;Lorg/owasp/dependencycheck/utils/Settings;)V" line="75"><counter type="INSTRUCTION" missed="11" covered="0"/><counter type="LINE" missed="4" covered="0"/><counter type="COMPLEXITY" missed="1" covered="0"/><counter type="METHOD" missed="1" covered="0"/></method><method name="&lt;init&gt;" desc="(Ljavax/net/ssl/SSLContext;Lorg/owasp/dependencycheck/utils/Settings;)V" line="89"><counter type="INSTRUCTION" missed="9" covered="0"/><counter type="LINE" missed="4" covered="0"/><counter type="COMPLEXITY" missed="1" covered="0"/><counter type="METHOD" missed="1" covered="0"/></method><method name="getDefaultCipherSuites" desc="()[Ljava/lang/String;" line="101"><counter type="INSTRUCTION" missed="5" covered="0"/><counter type="LINE" missed="1" covered="0"/><counter type="COMPLEXITY" missed="1" covered="0"/><counter type="METHOD" missed="1" covered="0"/></method><method name="getSupportedCipherSuites" desc="()[Ljava/lang/String;" line="111"><counter type="INSTRUCTION" missed="5" covered="0"/><counter type="LINE" missed="1" covered="0"/><counter type="COMPLEXITY" missed="1" covered="0"/><counter type="METHOD" missed="1" covered="0"/></method><method name="getDefaultProtocols" desc="()[Ljava/lang/String;" line="120"><counter type="INSTRUCTION" missed="8" covered="0"/><counter type="LINE" missed="1" covered="0"/><counter type="COMPLEXITY" missed="1" covered="0"/><counter type="METHOD" missed="1" covered="0"/></method><method name="getSupportedProtocols" desc="()[Ljava/lang/String;" line="129"><counter type="INSTRUCTION" missed="8" covered="0"/><counter type="LINE" missed="1" covered="0"/><counter type="COMPLEXITY" missed="1" covered="0"/><counter type="METHOD" missed="1" covered="0"/></method><method name="createSocket" desc="(Ljava/net/Socket;Ljava/lang/String;IZ)Ljava/net/Socket;" line="144"><counter type="INSTRUCTION" missed="0" covered="18"/><counter type="LINE" missed="0" covered="4"/><counter type="COMPLEXITY" missed="0" covered="1"/><counter type="METHOD" missed="0" covered="1"/></method><method name="createSocket" desc="(Ljava/net/InetAddress;ILjava/net/InetAddress;I)Ljava/net/Socket;" line="164"><counter type="INSTRUCTION" missed="18" covered="0"/><counter type="LINE" missed="4" covered="0"/><counter type="COMPLEXITY" missed="1" covered="0"/><counter type="METHOD" missed="1" covered="0"/></method><method name="createSocket" desc="(Ljava/lang/String;ILjava/net/InetAddress;I)Ljava/net/Socket;" line="184"><counter type="INSTRUCTION" missed="18" covered="0"/><counter type="LINE" missed="4" covered="0"/><counter type="COMPLEXITY" missed="1" covered="0"/><counter type="METHOD" missed="1" covered="0"/></method><method name="createSocket" desc="(Ljava/net/InetAddress;I)Ljava/net/Socket;" line="202"><counter type="INSTRUCTION" missed="16" covered="0"/><counter type="LINE" missed="4" covered="0"/><counter type="COMPLEXITY" missed="1" covered="0"/><counter type="METHOD" missed="1" covered="0"/></method><method name="createSocket" desc="(Ljava/lang/String;I)Ljava/net/Socket;" line="220"><counter type="INSTRUCTION" missed="16" covered="0"/><counter type="LINE" missed="4" covered="0"/><counter type="COMPLEXITY" missed="1" covered="0"/><counter type="METHOD" missed="1" covered="0"/></method><method name="initSSLSocketFactoryEx" desc="([Ljavax/net/ssl/KeyManager;[Ljavax/net/ssl/TrustManager;Ljava/security/SecureRandom;)V" line="240"><counter type="INSTRUCTION" missed="0" covered="15"/><counter type="LINE" missed="0" covered="4"/><counter type="COMPLEXITY" missed="0" covered="1"/><counter type="METHOD" missed="0" covered="1"/></method><method name="initSSLSocketFactoryEx" desc="(Ljavax/net/ssl/SSLContext;)V" line="256"><counter type="INSTRUCTION" missed="8" covered="0"/><counter type="LINE" missed="3" covered="0"/><counter type="COMPLEXITY" missed="1" covered="0"/><counter type="METHOD" missed="1" covered="0"/></method><method name="getProtocolList" desc="()[Ljava/lang/String;" line="266"><counter type="INSTRUCTION" missed="65" covered="69"/><counter type="BRANCH" missed="8" covered="6"/><counter type="LINE" missed="8" covered="17"/><counter type="COMPLEXITY" missed="5" covered="3"/><counter type="METHOD" missed="0" covered="1"/></method><method name="&lt;clinit&gt;" desc="()V" line="35"><counter type="INSTRUCTION" missed="0" covered="4"/><counter type="LINE" missed="0" covered="1"/><counter type="COMPLEXITY" missed="0" covered="1"/><counter type="METHOD" missed="0" covered="1"/></method><counter type="INSTRUCTION" missed="187" covered="117"/><counter type="BRANCH" missed="8" covered="6"/><counter type="LINE" missed="39" covered="30"/><counter type="COMPLEXITY" missed="16" covered="7"/><counter type="METHOD" missed="11" covered="5"/><counter type="CLASS" missed="0" covered="1"/></class><class name="org/owasp/dependencycheck/utils/URLConnectionFactory"><method name="&lt;init&gt;" desc="(Lorg/owasp/dependencycheck/utils/Settings;)V" line="61"><counter type="INSTRUCTION" missed="0" covered="6"/><counter type="LINE" missed="0" covered="3"/><counter type="COMPLEXITY" missed="0" covered="1"/><counter type="METHOD" missed="0" covered="1"/></method><method name="createHttpURLConnection" desc="(Ljava/net/URL;)Ljava/net/HttpURLConnection;" line="76"><counter type="INSTRUCTION" missed="70" covered="32"/><counter type="BRANCH" missed="9" covered="1"/><counter type="LINE" missed="16" covered="10"/><counter type="COMPLEXITY" missed="5" covered="1"/><counter type="METHOD" missed="0" covered="1"/></method><method name="matchNonProxy" desc="(Ljava/net/URL;)Z" line="137"><counter type="INSTRUCTION" missed="102" covered="0"/><counter type="BRANCH" missed="30" covered="0"/><counter type="LINE" missed="18" covered="0"/><counter type="COMPLEXITY" missed="16" covered="0"/><counter type="METHOD" missed="1" covered="0"/></method><method name="createHttpURLConnection" desc="(Ljava/net/URL;Z)Ljava/net/HttpURLConnection;" line="183"><counter type="INSTRUCTION" missed="7" covered="31"/><counter type="BRANCH" missed="0" covered="2"/><counter type="LINE" missed="2" covered="10"/><counter type="COMPLEXITY" missed="0" covered="2"/><counter type="METHOD" missed="0" covered="1"/></method><method name="configureTLS" desc="(Ljava/net/URL;Ljava/net/URLConnection;)V" line="208"><counter type="INSTRUCTION" missed="11" covered="19"/><counter type="BRANCH" missed="0" covered="2"/><counter type="LINE" missed="4" covered="6"/><counter type="COMPLEXITY" missed="0" covered="2"/><counter type="METHOD" missed="0" covered="1"/></method><method name="&lt;clinit&gt;" desc="()V" line="50"><counter type="INSTRUCTION" missed="0" covered="4"/><counter type="LINE" missed="0" covered="1"/><counter type="COMPLEXITY" missed="0" covered="1"/><counter type="METHOD" missed="0" covered="1"/></method><counter type="INSTRUCTION" missed="190" covered="92"/><counter type="BRANCH" missed="39" covered="5"/><counter type="LINE" missed="40" covered="30"/><counter type="COMPLEXITY" missed="21" covered="7"/><counter type="METHOD" missed="1" covered="5"/><counter type="CLASS" missed="0" covered="1"/></class><class name="org/owasp/dependencycheck/utils/FileUtils"><method name="&lt;init&gt;" desc="()V" line="55"><counter type="INSTRUCTION" missed="3" covered="0"/><counter type="LINE" missed="2" covered="0"/><counter type="COMPLEXITY" missed="1" covered="0"/><counter type="METHOD" missed="1" covered="0"/></method><method name="getFileExtension" desc="(Ljava/lang/String;)Ljava/lang/String;" line="65"><counter type="INSTRUCTION" missed="0" covered="14"/><counter type="BRANCH" missed="1" covered="3"/><counter type="LINE" missed="0" covered="2"/><counter type="COMPLEXITY" missed="1" covered="2"/><counter type="METHOD" missed="0" covered="1"/></method><method name="delete" desc="(Ljava/io/File;)Z" line="77"><counter type="INSTRUCTION" missed="7" covered="7"/><counter type="BRANCH" missed="1" covered="1"/><counter type="LINE" missed="2" covered="3"/><counter type="COMPLEXITY" missed="1" covered="1"/><counter type="METHOD" missed="0" covered="1"/></method><method name="createTempDirectory" desc="(Ljava/io/File;)Ljava/io/File;" line="94"><counter type="INSTRUCTION" missed="18" covered="22"/><counter type="BRANCH" missed="2" covered="2"/><counter type="LINE" missed="2" covered="4"/><counter type="COMPLEXITY" missed="2" covered="1"/><counter type="METHOD" missed="0" covered="1"/></method><method name="getBitBucket" desc="()Ljava/lang/String;" line="111"><counter type="INSTRUCTION" missed="6" covered="0"/><counter type="BRANCH" missed="2" covered="0"/><counter type="LINE" missed="3" covered="0"/><counter type="COMPLEXITY" missed="2" covered="0"/><counter type="METHOD" missed="1" covered="0"/></method><method name="close" desc="(Ljava/io/Closeable;)V" line="125"><counter type="INSTRUCTION" missed="5" covered="7"/><counter type="BRANCH" missed="0" covered="2"/><counter type="LINE" missed="2" covered="4"/><counter type="COMPLEXITY" missed="0" covered="2"/><counter type="METHOD" missed="0" covered="1"/></method><method name="getResourceAsStream" desc="(Ljava/lang/String;)Ljava/io/InputStream;" line="141"><counter type="INSTRUCTION" missed="2" covered="9"/><counter type="BRANCH" missed="1" covered="1"/><counter type="LINE" missed="0" covered="1"/><counter type="COMPLEXITY" missed="1" covered="1"/><counter type="METHOD" missed="0" covered="1"/></method><method name="&lt;clinit&gt;" desc="()V" line="41"><counter type="INSTRUCTION" missed="0" covered="4"/><counter type="LINE" missed="0" covered="1"/><counter type="COMPLEXITY" missed="0" covered="1"/><counter type="METHOD" missed="0" covered="1"/></method><counter type="INSTRUCTION" missed="41" covered="63"/><counter type="BRANCH" missed="7" covered="9"/><counter type="LINE" missed="11" covered="15"/><counter type="COMPLEXITY" missed="8" covered="8"/><counter type="METHOD" missed="2" covered="6"/><counter type="CLASS" missed="0" covered="1"/></class><class name="org/owasp/dependencycheck/utils/URLConnectionFactory$1"><method name="&lt;init&gt;" desc="(Lorg/owasp/dependencycheck/utils/URLConnectionFactory;Ljava/lang/String;Ljava/lang/String;Ljava/lang/String;)V" line="88"><counter type="INSTRUCTION" missed="15" covered="0"/><counter type="LINE" missed="1" covered="0"/><counter type="COMPLEXITY" missed="1" covered="0"/><counter type="METHOD" missed="1" covered="0"/></method><method name="getPasswordAuthentication" desc="()Ljava/net/PasswordAuthentication;" line="91"><counter type="INSTRUCTION" missed="43" covered="0"/><counter type="BRANCH" missed="6" covered="0"/><counter type="LINE" missed="9" covered="0"/><counter type="COMPLEXITY" missed="4" covered="0"/><counter type="METHOD" missed="1" covered="0"/></method><counter type="INSTRUCTION" missed="58" covered="0"/><counter type="BRANCH" missed="6" covered="0"/><counter type="LINE" missed="10" covered="0"/><counter type="COMPLEXITY" missed="5" covered="0"/><counter type="METHOD" missed="2" covered="0"/><counter type="CLASS" missed="1" covered="0"/></class><class name="org/owasp/dependencycheck/utils/URLConnectionFailureException"><method name="&lt;init&gt;" desc="()V" line="38"><counter type="INSTRUCTION" missed="3" covered="0"/><counter type="LINE" missed="2" covered="0"/><counter type="COMPLEXITY" missed="1" covered="0"/><counter type="METHOD" missed="1" covered="0"/></method><method name="&lt;init&gt;" desc="(Ljava/lang/String;)V" line="47"><counter type="INSTRUCTION" missed="4" covered="0"/><counter type="LINE" missed="2" covered="0"/><counter type="COMPLEXITY" missed="1" covered="0"/><counter type="METHOD" missed="1" covered="0"/></method><method name="&lt;init&gt;" desc="(Ljava/lang/Throwable;)V" line="56"><counter type="INSTRUCTION" missed="4" covered="0"/><counter type="LINE" missed="2" covered="0"/><counter type="COMPLEXITY" missed="1" covered="0"/><counter type="METHOD" missed="1" covered="0"/></method><method name="&lt;init&gt;" desc="(Ljava/lang/String;Ljava/lang/Throwable;)V" line="66"><counter type="INSTRUCTION" missed="5" covered="0"/><counter type="LINE" missed="2" covered="0"/><counter type="COMPLEXITY" missed="1" covered="0"/><counter type="METHOD" missed="1" covered="0"/></method><counter type="INSTRUCTION" missed="16" covered="0"/><counter type="LINE" missed="8" covered="0"/><counter type="COMPLEXITY" missed="4" covered="0"/><counter type="METHOD" missed="4" covered="0"/><counter type="CLASS" missed="1" covered="0"/></class><class name="org/owasp/dependencycheck/utils/Settings"><method name="&lt;init&gt;" desc="()V" line="61"><counter type="INSTRUCTION" missed="0" covered="12"/><counter type="LINE" missed="0" covered="5"/><counter type="COMPLEXITY" missed="0" covered="1"/><counter type="METHOD" missed="0" covered="1"/></method><method name="&lt;init&gt;" desc="(Ljava/lang/String;)V" line="61"><counter type="INSTRUCTION" missed="12" covered="0"/><counter type="LINE" missed="5" covered="0"/><counter type="COMPLEXITY" missed="1" covered="0"/><counter type="METHOD" missed="1" covered="0"/></method><method name="initialize" desc="(Ljava/lang/String;)V" line="474"><counter type="INSTRUCTION" missed="49" covered="28"/><counter type="BRANCH" missed="6" covered="2"/><counter type="LINE" missed="5" covered="7"/><counter type="COMPLEXITY" missed="4" covered="1"/><counter type="METHOD" missed="0" covered="1"/></method><method name="cleanup" desc="()V" line="492"><counter type="INSTRUCTION" missed="4" covered="0"/><counter type="LINE" missed="2" covered="0"/><counter type="COMPLEXITY" missed="1" covered="0"/><counter type="METHOD" missed="1" covered="0"/></method><method name="cleanup" desc="(Z)V" line="502"><counter type="INSTRUCTION" missed="0" covered="17"/><counter type="BRANCH" missed="1" covered="5"/><counter type="LINE" missed="0" covered="4"/><counter type="COMPLEXITY" missed="1" covered="3"/><counter type="METHOD" missed="0" covered="1"/></method><method name="logProperties" desc="(Ljava/lang/String;Ljava/util/Properties;)V" line="516"><counter type="INSTRUCTION" missed="110" covered="4"/><counter type="BRANCH" missed="15" covered="1"/><counter type="LINE" missed="15" covered="2"/><counter type="COMPLEXITY" missed="8" covered="1"/><counter type="METHOD" missed="0" covered="1"/></method><method name="setString" desc="(Ljava/lang/String;Ljava/lang/String;)V" line="546"><counter type="INSTRUCTION" missed="0" covered="12"/><counter type="LINE" missed="0" covered="3"/><counter type="COMPLEXITY" missed="0" covered="1"/><counter type="METHOD" missed="0" covered="1"/></method><method name="setStringIfNotNull" desc="(Ljava/lang/String;Ljava/lang/String;)V" line="557"><counter type="INSTRUCTION" missed="4" covered="4"/><counter type="BRANCH" missed="1" covered="1"/><counter type="LINE" missed="1" covered="2"/><counter type="COMPLEXITY" missed="1" covered="1"/><counter type="METHOD" missed="0" covered="1"/></method><method name="setStringIfNotEmpty" desc="(Ljava/lang/String;Ljava/lang/String;)V" line="569"><counter type="INSTRUCTION" missed="4" covered="7"/><counter type="BRANCH" missed="2" covered="2"/><counter type="LINE" missed="1" covered="2"/><counter type="COMPLEXITY" missed="2" covered="1"/><counter type="METHOD" missed="0" covered="1"/></method><method name="setArrayIfNotEmpty" desc="(Ljava/lang/String;[Ljava/lang/String;)V" line="581"><counter type="INSTRUCTION" missed="0" covered="13"/><counter type="BRANCH" missed="0" covered="4"/><counter type="LINE" missed="0" covered="3"/><counter type="COMPLEXITY" missed="0" covered="3"/><counter type="METHOD" missed="0" covered="1"/></method><method name="setBoolean" desc="(Ljava/lang/String;Z)V" line="593"><counter type="INSTRUCTION" missed="0" covered="6"/><counter type="LINE" missed="0" covered="2"/><counter type="COMPLEXITY" missed="0" covered="1"/><counter type="METHOD" missed="0" covered="1"/></method><method name="setBooleanIfNotNull" desc="(Ljava/lang/String;Ljava/lang/Boolean;)V" line="603"><counter type="INSTRUCTION" missed="9" covered="0"/><counter type="BRANCH" missed="2" covered="0"/><counter type="LINE" missed="3" covered="0"/><counter type="COMPLEXITY" missed="2" covered="0"/><counter type="METHOD" missed="1" covered="0"/></method><method name="setInt" desc="(Ljava/lang/String;I)V" line="615"><counter type="INSTRUCTION" missed="14" covered="0"/><counter type="LINE" missed="3" covered="0"/><counter type="COMPLEXITY" missed="1" covered="0"/><counter type="METHOD" missed="1" covered="0"/></method><method name="setIntIfNotNull" desc="(Ljava/lang/String;Ljava/lang/Integer;)V" line="626"><counter type="INSTRUCTION" missed="9" covered="0"/><counter type="BRANCH" missed="2" covered="0"/><counter type="LINE" missed="3" covered="0"/><counter type="COMPLEXITY" missed="2" covered="0"/><counter type="METHOD" missed="1" covered="0"/></method><method name="mergeProperties" desc="(Ljava/io/File;)V" line="644"><counter type="INSTRUCTION" missed="48" covered="0"/><counter type="BRANCH" missed="8" covered="0"/><counter type="LINE" missed="4" covered="0"/><counter type="COMPLEXITY" missed="5" covered="0"/><counter type="METHOD" missed="1" covered="0"/></method><method name="mergeProperties" desc="(Ljava/lang/String;)V" line="662"><counter type="INSTRUCTION" missed="30" covered="18"/><counter type="BRANCH" missed="6" covered="2"/><counter type="LINE" missed="0" covered="4"/><counter type="COMPLEXITY" missed="4" covered="1"/><counter type="METHOD" missed="0" covered="1"/></method><method name="mergeProperties" desc="(Ljava/io/InputStream;)V" line="678"><counter type="INSTRUCTION" missed="0" covered="10"/><counter type="LINE" missed="0" covered="3"/><counter type="COMPLEXITY" missed="0" covered="1"/><counter type="METHOD" missed="0" covered="1"/></method><method name="getFile" desc="(Ljava/lang/String;)Ljava/io/File;" line="692"><counter type="INSTRUCTION" missed="13" covered="0"/><counter type="BRANCH" missed="2" covered="0"/><counter type="LINE" missed="4" covered="0"/><counter type="COMPLEXITY" missed="2" covered="0"/><counter type="METHOD" missed="1" covered="0"/></method><method name="getDataFile" desc="(Ljava/lang/String;)Ljava/io/File;" line="714"><counter type="INSTRUCTION" missed="2" covered="45"/><counter type="BRANCH" missed="1" covered="3"/><counter type="LINE" missed="1" covered="11"/><counter type="COMPLEXITY" missed="1" covered="2"/><counter type="METHOD" missed="0" covered="1"/></method><method name="getJarPath" desc="()Ljava/io/File;" line="737"><counter type="INSTRUCTION" missed="10" covered="41"/><counter type="BRANCH" missed="4" covered="4"/><counter type="LINE" missed="3" covered="10"/><counter type="COMPLEXITY" missed="4" covered="1"/><counter type="METHOD" missed="0" covered="1"/></method><method name="getString" desc="(Ljava/lang/String;Ljava/lang/String;)Ljava/lang/String;" line="768"><counter type="INSTRUCTION" missed="0" covered="8"/><counter type="LINE" missed="0" covered="1"/><counter type="COMPLEXITY" missed="0" covered="1"/><counter type="METHOD" missed="0" covered="1"/></method><method name="getTempDirectory" desc="()Ljava/io/File;" line="779"><counter type="INSTRUCTION" missed="0" covered="19"/><counter type="BRANCH" missed="0" covered="2"/><counter type="LINE" missed="0" covered="4"/><counter type="COMPLEXITY" missed="0" covered="2"/><counter type="METHOD" missed="0" covered="1"/></method><method name="getString" desc="(Ljava/lang/String;)Ljava/lang/String;" line="796"><counter type="INSTRUCTION" missed="0" covered="7"/><counter type="LINE" missed="0" covered="1"/><counter type="COMPLEXITY" missed="0" covered="1"/><counter type="METHOD" missed="0" covered="1"/></method><method name="getArray" desc="(Ljava/lang/String;)[Ljava/lang/String;" line="808"><counter type="INSTRUCTION" missed="0" covered="12"/><counter type="BRANCH" missed="0" covered="2"/><counter type="LINE" missed="0" covered="4"/><counter type="COMPLEXITY" missed="0" covered="2"/><counter type="METHOD" missed="0" covered="1"/></method><method name="removeProperty" desc="(Ljava/lang/String;)V" line="822"><counter type="INSTRUCTION" missed="0" covered="6"/><counter type="LINE" missed="0" covered="2"/><counter type="COMPLEXITY" missed="0" covered="1"/><counter type="METHOD" missed="0" covered="1"/></method><method name="getInt" desc="(Ljava/lang/String;)I" line="838"><counter type="INSTRUCTION" missed="16" covered="5"/><counter type="LINE" missed="2" covered="1"/><counter type="COMPLEXITY" missed="0" covered="1"/><counter type="METHOD" missed="0" covered="1"/></method><method name="getInt" desc="(Ljava/lang/String;I)I" line="858"><counter type="INSTRUCTION" missed="0" covered="37"/><counter type="BRANCH" missed="0" covered="2"/><counter type="LINE" missed="0" covered="7"/><counter type="COMPLEXITY" missed="0" covered="2"/><counter type="METHOD" missed="0" covered="1"/></method><method name="getLong" desc="(Ljava/lang/String;)J" line="881"><counter type="INSTRUCTION" missed="16" covered="5"/><counter type="LINE" missed="2" covered="1"/><counter type="COMPLEXITY" missed="0" covered="1"/><counter type="METHOD" missed="0" covered="1"/></method><method name="getBoolean" desc="(Ljava/lang/String;)Z" line="900"><counter type="INSTRUCTION" missed="0" covered="5"/><counter type="LINE" missed="0" covered="1"/><counter type="COMPLEXITY" missed="0" covered="1"/><counter type="METHOD" missed="0" covered="1"/></method><method name="getBoolean" desc="(Ljava/lang/String;Z)Z" line="918"><counter type="INSTRUCTION" missed="0" covered="7"/><counter type="LINE" missed="0" covered="1"/><counter type="COMPLEXITY" missed="0" covered="1"/><counter type="METHOD" missed="0" covered="1"/></method><method name="getConnectionString" desc="(Ljava/lang/String;Ljava/lang/String;)Ljava/lang/String;" line="936"><counter type="INSTRUCTION" missed="16" covered="75"/><counter type="BRANCH" missed="5" covered="7"/><counter type="LINE" missed="3" covered="16"/><counter type="COMPLEXITY" missed="5" covered="2"/><counter type="METHOD" missed="0" covered="1"/></method><method name="getDataDirectory" desc="()Ljava/io/File;" line="973"><counter type="INSTRUCTION" missed="17" covered="14"/><counter type="BRANCH" missed="4" covered="4"/><counter type="LINE" missed="1" covered="3"/><counter type="COMPLEXITY" missed="3" covered="2"/><counter type="METHOD" missed="0" covered="1"/></method><method name="getTempFile" desc="(Ljava/lang/String;Ljava/lang/String;)Ljava/io/File;" line="991"><counter type="INSTRUCTION" missed="5" covered="32"/><counter type="BRANCH" missed="1" covered="1"/><counter type="LINE" missed="1" covered="5"/><counter type="COMPLEXITY" missed="1" covered="1"/><counter type="METHOD" missed="0" covered="1"/></method><method name="&lt;clinit&gt;" desc="()V" line="49"><counter type="INSTRUCTION" missed="0" covered="4"/><counter type="LINE" missed="0" covered="1"/><counter type="COMPLEXITY" missed="0" covered="1"/><counter type="METHOD" missed="0" covered="1"/></method><counter type="INSTRUCTION" missed="388" covered="453"/><counter type="BRANCH" missed="60" covered="42"/><counter type="LINE" missed="57" covered="106"/><counter type="COMPLEXITY" missed="48" covered="37"/><counter type="METHOD" missed="7" covered="27"/><counter type="CLASS" missed="0" covered="1"/></class><class name="org/owasp/dependencycheck/utils/Checksum"><method name="&lt;init&gt;" desc="()V" line="44"><counter type="INSTRUCTION" missed="3" covered="0"/><counter type="LINE" missed="2" covered="0"/><counter type="COMPLEXITY" missed="1" covered="0"/><counter type="METHOD" missed="1" covered="0"/></method><method name="getChecksum" desc="(Ljava/lang/String;Ljava/io/File;)[B" line="60"><counter type="INSTRUCTION" missed="60" covered="67"/><counter type="BRANCH" missed="13" covered="7"/><counter type="LINE" missed="0" covered="15"/><counter type="COMPLEXITY" missed="9" covered="2"/><counter type="METHOD" missed="0" covered="1"/></method><method name="getMD5Checksum" desc="(Ljava/io/File;)Ljava/lang/String;" line="86"><counter type="INSTRUCTION" missed="0" covered="7"/><counter type="LINE" missed="0" covered="2"/><counter type="COMPLEXITY" missed="0" covered="1"/><counter type="METHOD" missed="0" covered="1"/></method><method name="getSHA1Checksum" desc="(Ljava/io/File;)Ljava/lang/String;" line="99"><counter type="INSTRUCTION" missed="0" covered="7"/><counter type="LINE" missed="0" covered="2"/><counter type="COMPLEXITY" missed="0" covered="1"/><counter type="METHOD" missed="0" covered="1"/></method><method name="getHex" desc="([B)Ljava/lang/String;" line="115"><counter type="INSTRUCTION" missed="2" covered="45"/><counter type="BRANCH" missed="1" covered="3"/><counter type="LINE" missed="1" covered="5"/><counter type="COMPLEXITY" missed="1" covered="2"/><counter type="METHOD" missed="0" covered="1"/></method><counter type="INSTRUCTION" missed="65" covered="126"/><counter type="BRANCH" missed="14" covered="10"/><counter type="LINE" missed="3" covered="24"/><counter type="COMPLEXITY" missed="11" covered="6"/><counter type="METHOD" missed="1" covered="4"/><counter type="CLASS" missed="0" covered="1"/></class><class name="org/owasp/dependencycheck/utils/XmlUtils"><method name="&lt;init&gt;" desc="()V" line="58"><counter type="INSTRUCTION" missed="3" covered="0"/><counter type="LINE" missed="2" covered="0"/><counter type="COMPLEXITY" missed="1" covered="0"/><counter type="METHOD" missed="1" covered="0"/></method><method name="buildSecureSaxParser" desc="([Ljava/io/InputStream;)Ljavax/xml/parsers/SAXParser;" line="78"><counter type="INSTRUCTION" missed="0" covered="29"/><counter type="LINE" missed="0" covered="9"/><counter type="COMPLEXITY" missed="0" covered="1"/><counter type="METHOD" missed="0" covered="1"/></method><method name="parseBoolean" desc="(Ljava/lang/String;)Z" line="103"><counter type="INSTRUCTION" missed="14" covered="44"/><counter type="BRANCH" missed="6" covered="10"/><counter type="LINE" missed="1" covered="6"/><counter type="COMPLEXITY" missed="6" covered="5"/><counter type="METHOD" missed="0" covered="1"/></method><method name="buildSecureSaxParser" desc="()Ljavax/xml/parsers/SAXParser;" line="132"><counter type="INSTRUCTION" missed="0" covered="17"/><counter type="LINE" missed="0" covered="5"/><counter type="COMPLEXITY" missed="0" covered="1"/><counter type="METHOD" missed="0" covered="1"/></method><method name="buildSecureDocumentBuilder" desc="()Ljavax/xml/parsers/DocumentBuilder;" line="147"><counter type="INSTRUCTION" missed="0" covered="17"/><counter type="LINE" missed="0" covered="5"/><counter type="COMPLEXITY" missed="0" covered="1"/><counter type="METHOD" missed="0" covered="1"/></method><method name="getPrettyParseExceptionInfo" desc="(Lorg/xml/sax/SAXParseException;)Ljava/lang/String;" line="162"><counter type="INSTRUCTION" missed="18" covered="40"/><counter type="BRANCH" missed="4" covered="4"/><counter type="LINE" missed="2" covered="9"/><counter type="COMPLEXITY" missed="4" covered="1"/><counter type="METHOD" missed="0" covered="1"/></method><counter type="INSTRUCTION" missed="35" covered="147"/><counter type="BRANCH" missed="10" covered="14"/><counter type="LINE" missed="5" covered="34"/><counter type="COMPLEXITY" missed="11" covered="9"/><counter type="METHOD" missed="1" covered="5"/><counter type="CLASS" missed="0" covered="1"/></class><class name="org/owasp/dependencycheck/utils/ExpectedObjectInputStream"><method name="&lt;init&gt;" desc="(Ljava/io/InputStream;[Ljava/lang/String;)V" line="41"><counter type="INSTRUCTION" missed="0" covered="15"/><counter type="LINE" missed="0" covered="4"/><counter type="COMPLEXITY" missed="0" covered="1"/><counter type="METHOD" missed="0" covered="1"/></method><method name="resolveClass" desc="(Ljava/io/ObjectStreamClass;)Ljava/lang/Class;" line="67"><counter type="INSTRUCTION" missed="0" covered="17"/><counter type="BRANCH" missed="0" covered="2"/><counter type="LINE" missed="0" covered="3"/><counter type="COMPLEXITY" missed="0" covered="2"/><counter type="METHOD" missed="0" covered="1"/></method><counter type="INSTRUCTION" missed="0" covered="32"/><counter type="BRANCH" missed="0" covered="2"/><counter type="LINE" missed="0" covered="7"/><counter type="COMPLEXITY" missed="0" covered="3"/><counter type="METHOD" missed="0" covered="2"/><counter type="CLASS" missed="0" covered="1"/></class><class name="org/owasp/dependencycheck/utils/ExtractionException"><method name="&lt;init&gt;" desc="()V" line="38"><counter type="INSTRUCTION" missed="3" covered="0"/><counter type="LINE" missed="2" covered="0"/><counter type="COMPLEXITY" missed="1" covered="0"/><counter type="METHOD" missed="1" covered="0"/></method><method name="&lt;init&gt;" desc="(Ljava/lang/String;)V" line="47"><counter type="INSTRUCTION" missed="4" covered="0"/><counter type="LINE" missed="2" covered="0"/><counter type="COMPLEXITY" missed="1" covered="0"/><counter type="METHOD" missed="1" covered="0"/></method><method name="&lt;init&gt;" desc="(Ljava/lang/Throwable;)V" line="56"><counter type="INSTRUCTION" missed="4" covered="0"/><counter type="LINE" missed="2" covered="0"/><counter type="COMPLEXITY" missed="1" covered="0"/><counter type="METHOD" missed="1" covered="0"/></method><method name="&lt;init&gt;" desc="(Ljava/lang/String;Ljava/lang/Throwable;)V" line="66"><counter type="INSTRUCTION" missed="5" covered="0"/><counter type="LINE" missed="2" covered="0"/><counter type="COMPLEXITY" missed="1" covered="0"/><counter type="METHOD" missed="1" covered="0"/></method><counter type="INSTRUCTION" missed="16" covered="0"/><counter type="LINE" missed="8" covered="0"/><counter type="COMPLEXITY" missed="4" covered="0"/><counter type="METHOD" missed="4" covered="0"/><counter type="CLASS" missed="1" covered="0"/></class><class name="org/owasp/dependencycheck/utils/Settings$KEYS"><method name="&lt;init&gt;" desc="()V" line="446"><counter type="INSTRUCTION" missed="3" covered="0"/><counter type="LINE" missed="2" covered="0"/><counter type="COMPLEXITY" missed="1" covered="0"/><counter type="METHOD" missed="1" covered="0"/></method><counter type="INSTRUCTION" missed="3" covered="0"/><counter type="LINE" missed="2" covered="0"/><counter type="COMPLEXITY" missed="1" covered="0"/><counter type="METHOD" missed="1" covered="0"/><counter type="CLASS" missed="1" covered="0"/></class><sourcefile name="Settings.java"><line nr="49" mi="0" ci="4" mb="0" cb="0"/><line nr="61" mi="3" ci="3" mb="0" cb="0"/><line nr="67" mi="3" ci="3" mb="0" cb="0"/><line nr="446" mi="2" ci="0" mb="0" cb="0"/><line nr="448" mi="1" ci="0" mb="0" cb="0"/><line nr="455" mi="0" ci="2" mb="0" cb="0"/><line nr="456" mi="0" ci="3" mb="0" cb="0"/><line nr="457" mi="0" ci="1" mb="0" cb="0"/><line nr="464" mi="2" ci="0" mb="0" cb="0"/><line nr="465" mi="3" ci="0" mb="0" cb="0"/><line nr="466" mi="1" ci="0" mb="0" cb="0"/><line nr="474" mi="0" ci="5" mb="0" cb="0"/><line nr="475" mi="5" ci="5" mb="0" cb="0"/><line nr="476" mi="0" ci="4" mb="0" cb="0"/><line nr="477" mi="26" ci="7" mb="6" cb="2"/><line nr="478" mi="4" ci="0" mb="0" cb="0"/><line nr="479" mi="4" ci="0" mb="0" cb="0"/><line nr="480" mi="1" ci="0" mb="0" cb="0"/><line nr="481" mi="4" ci="0" mb="0" cb="0"/><line nr="482" mi="4" ci="0" mb="0" cb="0"/><line nr="483" mi="1" ci="1" mb="0" cb="0"/><line nr="484" mi="0" ci="5" mb="0" cb="0"/><line nr="485" mi="0" ci="1" mb="0" cb="0"/><line nr="492" mi="3" ci="0" mb="0" cb="0"/><line nr="493" mi="1" ci="0" mb="0" cb="0"/><line nr="502" mi="0" ci="9" mb="1" cb="5"/><line nr="503" mi="0" ci="4" mb="0" cb="0"/><line nr="504" mi="0" ci="3" mb="0" cb="0"/><line nr="506" mi="0" ci="1" mb="0" cb="0"/><line nr="516" mi="0" ci="3" mb="1" cb="1"/><line nr="517" mi="4" ci="0" mb="0" cb="0"/><line nr="518" mi="12" ci="0" mb="0" cb="0"/><line nr="519" mi="10" ci="0" mb="0" cb="0"/><line nr="520" mi="3" ci="0" mb="0" cb="0"/><line nr="521" mi="3" ci="0" mb="2" cb="0"/><line nr="522" mi="4" ci="0" mb="0" cb="0"/><line nr="523" mi="4" ci="0" mb="2" cb="0"/><line nr="524" mi="11" ci="0" mb="0" cb="0"/><line nr="526" mi="4" ci="0" mb="0" cb="0"/><line nr="527" mi="2" ci="0" mb="2" cb="0"/><line nr="528" mi="14" ci="0" mb="0" cb="0"/><line nr="531" mi="1" ci="0" mb="0" cb="0"/><line nr="532" mi="2" ci="0" mb="0" cb="0"/><line nr="533" mi="4" ci="0" mb="0" cb="0"/><line nr="534" mi="32" ci="0" mb="8" cb="0"/><line nr="537" mi="0" ci="1" mb="0" cb="0"/><line nr="546" mi="0" ci="6" mb="0" cb="0"/><line nr="547" mi="0" ci="5" mb="0" cb="0"/><line nr="548" mi="0" ci="1" mb="0" cb="0"/><line nr="557" mi="0" ci="3" mb="1" cb="1"/><line nr="558" mi="4" ci="0" mb="0" cb="0"/><line nr="560" mi="0" ci="1" mb="0" cb="0"/><line nr="569" mi="0" ci="6" mb="2" cb="2"/><line nr="570" mi="4" ci="0" mb="0" cb="0"/><line nr="572" mi="0" ci="1" mb="0" cb="0"/><line nr="581" mi="0" ci="6" mb="0" cb="4"/><line nr="582" mi="0" ci="6" mb="0" cb="0"/><line nr="584" mi="0" ci="1" mb="0" cb="0"/><line nr="593" mi="0" ci="5" mb="0" cb="0"/><line nr="594" mi="0" ci="1" mb="0" cb="0"/><line nr="603" mi="3" ci="0" mb="2" cb="0"/><line nr="604" mi="5" ci="0" mb="0" cb="0"/><line nr="606" mi="1" ci="0" mb="0" cb="0"/><line nr="615" mi="7" ci="0" mb="0" cb="0"/><line nr="616" mi="6" ci="0" mb="0" cb="0"/><line nr="617" mi="1" ci="0" mb="0" cb="0"/><line nr="626" mi="3" ci="0" mb="2" cb="0"/><line nr="627" mi="5" ci="0" mb="0" cb="0"/><line nr="629" mi="1" ci="0" mb="0" cb="0"/><line nr="644" mi="12" ci="0" mb="0" cb="0"/><line nr="645" mi="3" ci="0" mb="0" cb="0"/><line nr="646" mi="32" ci="0" mb="8" cb="0"/><line nr="647" mi="1" ci="0" mb="0" cb="0"/><line nr="662" mi="5" ci="7" mb="0" cb="0"/><line nr="663" mi="0" ci="3" mb="0" cb="0"/><line nr="664" mi="25" ci="7" mb="6" cb="2"/><line nr="665" mi="0" ci="1" mb="0" cb="0"/><line nr="678" mi="0" ci="4" mb="0" cb="0"/><line nr="679" mi="0" ci="5" mb="0" cb="0"/><line nr="680" mi="0" ci="1" mb="0" cb="0"/><line nr="692" mi="4" ci="0" mb="0" cb="0"/><line nr="693" mi="2" ci="0" mb="2" cb="0"/><line nr="694" mi="2" ci="0" mb="0" cb="0"/><line nr="696" mi="5" ci="0" mb="0" cb="0"/><line nr="714" mi="0" ci="4" mb="0" cb="0"/><line nr="715" mi="0" ci="4" mb="0" cb="0"/><line nr="716" mi="0" ci="2" mb="1" cb="1"/><line nr="717" mi="2" ci="0" mb="0" cb="0"/><line nr="719" mi="0" ci="4" mb="0" cb="2"/><line nr="720" mi="0" ci="3" mb="0" cb="0"/><line nr="721" mi="0" ci="3" mb="0" cb="0"/><line nr="722" mi="0" ci="5" mb="0" cb="0"/><line nr="723" mi="0" ci="8" mb="0" cb="0"/><line nr="724" mi="0" ci="5" mb="0" cb="0"/><line nr="725" mi="0" ci="2" mb="0" cb="0"/><line nr="727" mi="0" ci="5" mb="0" cb="0"/><line nr="737" mi="0" ci="2" mb="0" cb="0"/><line nr="738" mi="0" ci="2" mb="0" cb="0"/><line nr="739" mi="0" ci="3" mb="0" cb="0"/><line nr="740" mi="0" ci="9" mb="3" cb="3"/><line nr="741" mi="0" ci="6" mb="0" cb="0"/><line nr="744" mi="0" ci="4" mb="0" cb="0"/><line nr="745" mi="1" ci="0" mb="0" cb="0"/><line nr="746" mi="4" ci="0" mb="0" cb="0"/><line nr="747" mi="0" ci="1" mb="0" cb="0"/><line nr="749" mi="0" ci="5" mb="0" cb="0"/><line nr="750" mi="0" ci="6" mb="1" cb="1"/><line nr="751" mi="0" ci="3" mb="0" cb="0"/><line nr="753" mi="5" ci="0" mb="0" cb="0"/><line nr="768" mi="0" ci="8" mb="0" cb="0"/><line nr="779" mi="0" ci="3" mb="0" cb="2"/><line nr="780" mi="0" ci="9" mb="0" cb="0"/><line nr="781" mi="0" ci="4" mb="0" cb="0"/><line nr="783" mi="0" ci="3" mb="0" cb="0"/><line nr="796" mi="0" ci="7" mb="0" cb="0"/><line nr="808" mi="0" ci="4" mb="0" cb="0"/><line nr="809" mi="0" ci="2" mb="0" cb="2"/><line nr="810" mi="0" ci="4" mb="0" cb="0"/><line nr="812" mi="0" ci="2" mb="0" cb="0"/><line nr="822" mi="0" ci="5" mb="0" cb="0"/><line nr="823" mi="0" ci="1" mb="0" cb="0"/><line nr="838" mi="0" ci="5" mb="0" cb="0"/><line nr="839" mi="1" ci="0" mb="0" cb="0"/><line nr="840" mi="15" ci="0" mb="0" cb="0"/><line nr="858" mi="0" ci="5" mb="0" cb="0"/><line nr="859" mi="0" ci="1" mb="0" cb="0"/><line nr="860" mi="0" ci="6" mb="0" cb="2"/><line nr="861" mi="0" ci="20" mb="0" cb="0"/><line nr="863" mi="0" ci="2" mb="0" cb="0"/><line nr="864" mi="0" ci="1" mb="0" cb="0"/><line nr="865" mi="0" ci="2" mb="0" cb="0"/><line nr="881" mi="0" ci="5" mb="0" cb="0"/><line nr="882" mi="1" ci="0" mb="0" cb="0"/><line nr="883" mi="15" ci="0" mb="0" cb="0"/><line nr="900" mi="0" ci="5" mb="0" cb="0"/><line nr="918" mi="0" ci="7" mb="0" cb="0"/><line nr="936" mi="0" ci="4" mb="0" cb="0"/><line nr="937" mi="0" ci="2" mb="0" cb="2"/><line nr="938" mi="0" ci="9" mb="0" cb="0"/><line nr="939" mi="0" ci="5" mb="0" cb="0"/><line nr="941" mi="0" ci="4" mb="1" cb="1"/><line nr="942" mi="0" ci="3" mb="0" cb="0"/><line nr="943" mi="0" ci="2" mb="0" cb="0"/><line nr="944" mi="0" ci="2" mb="1" cb="1"/><line nr="945" mi="0" ci="4" mb="0" cb="0"/><line nr="947" mi="0" ci="2" mb="1" cb="1"/><line nr="948" mi="9" ci="0" mb="0" cb="0"/><line nr="950" mi="5" ci="0" mb="0" cb="0"/><line nr="952" mi="0" ci="8" mb="2" cb="2"/><line nr="953" mi="0" ci="8" mb="0" cb="0"/><line nr="956" mi="0" ci="6" mb="0" cb="0"/><line nr="957" mi="0" ci="10" mb="0" cb="0"/><line nr="958" mi="0" ci="4" mb="0" cb="0"/><line nr="959" mi="0" ci="2" mb="0" cb="0"/><line nr="961" mi="2" ci="0" mb="0" cb="0"/><line nr="973" mi="0" ci="4" mb="0" cb="0"/><line nr="974" mi="0" ci="8" mb="2" cb="4"/><line nr="975" mi="0" ci="2" mb="0" cb="0"/><line nr="977" mi="17" ci="0" mb="2" cb="0"/><line nr="991" mi="0" ci="3" mb="0" cb="0"/><line nr="992" mi="0" ci="18" mb="0" cb="0"/><line nr="993" mi="0" ci="6" mb="0" cb="0"/><line nr="994" mi="0" ci="3" mb="1" cb="1"/><line nr="995" mi="5" ci="0" mb="0" cb="0"/><line nr="997" mi="0" ci="2" mb="0" cb="0"/><counter type="INSTRUCTION" missed="391" covered="453"/><counter type="BRANCH" missed="60" covered="42"/><counter type="LINE" missed="59" covered="106"/><counter type="COMPLEXITY" missed="49" covered="37"/><counter type="METHOD" missed="8" covered="27"/><counter type="CLASS" missed="1" covered="1"/></sourcefile><sourcefile name="URLConnectionFailureException.java"><line nr="38" mi="2" ci="0" mb="0" cb="0"/><line nr="39" mi="1" ci="0" mb="0" cb="0"/><line nr="47" mi="3" ci="0" mb="0" cb="0"/><line nr="48" mi="1" ci="0" mb="0" cb="0"/><line nr="56" mi="3" ci="0" mb="0" cb="0"/><line nr="57" mi="1" ci="0" mb="0" cb="0"/><line nr="66" mi="4" ci="0" mb="0" cb="0"/><line nr="67" mi="1" ci="0" mb="0" cb="0"/><counter type="INSTRUCTION" missed="16" covered="0"/><counter type="LINE" missed="8" covered="0"/><counter type="COMPLEXITY" missed="4" covered="0"/><counter type="METHOD" missed="4" covered="0"/><counter type="CLASS" missed="1" covered="0"/></sourcefile><sourcefile name="ExtractionException.java"><line nr="38" mi="2" ci="0" mb="0" cb="0"/><line nr="39" mi="1" ci="0" mb="0" cb="0"/><line nr="47" mi="3" ci="0" mb="0" cb="0"/><line nr="48" mi="1" ci="0" mb="0" cb="0"/><line nr="56" mi="3" ci="0" mb="0" cb="0"/><line nr="57" mi="1" ci="0" mb="0" cb="0"/><line nr="66" mi="4" ci="0" mb="0" cb="0"/><line nr="67" mi="1" ci="0" mb="0" cb="0"/><counter type="INSTRUCTION" missed="16" covered="0"/><counter type="LINE" missed="8" covered="0"/><counter type="COMPLEXITY" missed="4" covered="0"/><counter type="METHOD" missed="4" covered="0"/><counter type="CLASS" missed="1" covered="0"/></sourcefile><sourcefile name="URLConnectionFactory.java"><line nr="50" mi="0" ci="4" mb="0" cb="0"/><line nr="61" mi="0" ci="2" mb="0" cb="0"/><line nr="62" mi="0" ci="3" mb="0" cb="0"/><line nr="63" mi="0" ci="1" mb="0" cb="0"/><line nr="76" mi="0" ci="2" mb="0" cb="0"/><line nr="77" mi="0" ci="5" mb="0" cb="0"/><line nr="80" mi="4" ci="2" mb="3" cb="1"/><line nr="81" mi="5" ci="0" mb="0" cb="0"/><line nr="82" mi="6" ci="0" mb="0" cb="0"/><line nr="84" mi="5" ci="0" mb="0" cb="0"/><line nr="85" mi="5" ci="0" mb="0" cb="0"/><line nr="87" mi="4" ci="0" mb="4" cb="0"/><line nr="88" mi="23" ci="0" mb="0" cb="0"/><line nr="91" mi="11" ci="0" mb="4" cb="0"/><line nr="92" mi="3" ci="0" mb="0" cb="0"/><line nr="94" mi="7" ci="0" mb="2" cb="0"/><line nr="95" mi="4" ci="0" mb="0" cb="0"/><line nr="97" mi="1" ci="0" mb="0" cb="0"/><line nr="98" mi="4" ci="0" mb="0" cb="0"/><line nr="99" mi="1" ci="0" mb="0" cb="0"/><line nr="100" mi="9" ci="0" mb="0" cb="0"/><line nr="102" mi="3" ci="0" mb="0" cb="0"/><line nr="105" mi="2" ci="0" mb="0" cb="0"/><line nr="108" mi="6" ci="0" mb="0" cb="0"/><line nr="109" mi="5" ci="0" mb="0" cb="0"/><line nr="110" mi="1" ci="0" mb="0" cb="0"/><line nr="111" mi="0" ci="4" mb="0" cb="0"/><line nr="113" mi="0" ci="6" mb="0" cb="0"/><line nr="114" mi="0" ci="3" mb="0" cb="0"/><line nr="115" mi="0" ci="3" mb="0" cb="0"/><line nr="116" mi="1" ci="0" mb="0" cb="0"/><line nr="117" mi="2" ci="0" mb="2" cb="0"/><line nr="119" mi="2" ci="0" mb="0" cb="0"/><line nr="121" mi="7" ci="0" mb="0" cb="0"/><line nr="122" mi="1" ci="0" mb="0" cb="0"/><line nr="124" mi="6" ci="0" mb="0" cb="0"/><line nr="125" mi="0" ci="1" mb="0" cb="0"/><line nr="126" mi="0" ci="4" mb="0" cb="0"/><line nr="127" mi="0" ci="2" mb="0" cb="0"/><line nr="137" mi="3" ci="0" mb="0" cb="0"/><line nr="140" mi="5" ci="0" mb="0" cb="0"/><line nr="141" mi="3" ci="0" mb="2" cb="0"/><line nr="142" mi="4" ci="0" mb="0" cb="0"/><line nr="143" mi="16" ci="0" mb="2" cb="0"/><line nr="145" mi="7" ci="0" mb="4" cb="0"/><line nr="147" mi="4" ci="0" mb="0" cb="0"/><line nr="148" mi="5" ci="0" mb="0" cb="0"/><line nr="149" mi="6" ci="0" mb="0" cb="0"/><line nr="151" mi="10" ci="0" mb="6" cb="0"/><line nr="152" mi="2" ci="0" mb="0" cb="0"/><line nr="155" mi="10" ci="0" mb="6" cb="0"/><line nr="156" mi="2" ci="0" mb="0" cb="0"/><line nr="159" mi="14" ci="0" mb="8" cb="0"/><line nr="161" mi="2" ci="0" mb="0" cb="0"/><line nr="163" mi="5" ci="0" mb="2" cb="0"/><line nr="164" mi="2" ci="0" mb="0" cb="0"/><line nr="168" mi="2" ci="0" mb="0" cb="0"/><line nr="183" mi="0" ci="2" mb="0" cb="2"/><line nr="184" mi="0" ci="4" mb="0" cb="0"/><line nr="186" mi="0" ci="2" mb="0" cb="0"/><line nr="188" mi="0" ci="4" mb="0" cb="0"/><line nr="189" mi="0" ci="6" mb="0" cb="0"/><line nr="190" mi="0" ci="3" mb="0" cb="0"/><line nr="191" mi="0" ci="3" mb="0" cb="0"/><line nr="192" mi="1" ci="0" mb="0" cb="0"/><line nr="193" mi="6" ci="0" mb="0" cb="0"/><line nr="194" mi="0" ci="1" mb="0" cb="0"/><line nr="195" mi="0" ci="4" mb="0" cb="0"/><line nr="196" mi="0" ci="2" mb="0" cb="0"/><line nr="208" mi="0" ci="5" mb="0" cb="2"/><line nr="210" mi="0" ci="3" mb="0" cb="0"/><line nr="211" mi="0" ci="6" mb="0" cb="0"/><line nr="212" mi="0" ci="3" mb="0" cb="0"/><line nr="213" mi="1" ci="0" mb="0" cb="0"/><line nr="214" mi="4" ci="0" mb="0" cb="0"/><line nr="215" mi="1" ci="0" mb="0" cb="0"/><line nr="216" mi="4" ci="0" mb="0" cb="0"/><line nr="217" mi="1" ci="1" mb="0" cb="0"/><line nr="219" mi="0" ci="1" mb="0" cb="0"/><counter type="INSTRUCTION" missed="248" covered="92"/><counter type="BRANCH" missed="45" covered="5"/><counter type="LINE" missed="49" covered="30"/><counter type="COMPLEXITY" missed="26" covered="7"/><counter type="METHOD" missed="3" covered="5"/><counter type="CLASS" missed="1" covered="1"/></sourcefile><sourcefile name="XmlUtils.java"><line nr="58" mi="2" ci="0" mb="0" cb="0"/><line nr="59" mi="1" ci="0" mb="0" cb="0"/><line nr="78" mi="0" ci="2" mb="0" cb="0"/><line nr="79" mi="0" ci="3" mb="0" cb="0"/><line nr="80" mi="0" ci="3" mb="0" cb="0"/><line nr="81" mi="0" ci="4" mb="0" cb="0"/><line nr="82" mi="0" ci="4" mb="0" cb="0"/><line nr="86" mi="0" ci="3" mb="0" cb="0"/><line nr="87" mi="0" ci="4" mb="0" cb="0"/><line nr="88" mi="0" ci="4" mb="0" cb="0"/><line nr="89" mi="0" ci="2" mb="0" cb="0"/><line nr="103" mi="0" ci="36" mb="6" cb="10"/><line nr="106" mi="0" ci="2" mb="0" cb="0"/><line nr="107" mi="0" ci="1" mb="0" cb="0"/><line nr="110" mi="0" ci="2" mb="0" cb="0"/><line nr="111" mi="0" ci="1" mb="0" cb="0"/><line nr="113" mi="14" ci="0" mb="0" cb="0"/><line nr="115" mi="0" ci="2" mb="0" cb="0"/><line nr="132" mi="0" ci="2" mb="0" cb="0"/><line nr="133" mi="0" ci="4" mb="0" cb="0"/><line nr="134" mi="0" ci="4" mb="0" cb="0"/><line nr="135" mi="0" ci="4" mb="0" cb="0"/><line nr="136" mi="0" ci="3" mb="0" cb="0"/><line nr="147" mi="0" ci="2" mb="0" cb="0"/><line nr="148" mi="0" ci="4" mb="0" cb="0"/><line nr="149" mi="0" ci="4" mb="0" cb="0"/><line nr="150" mi="0" ci="4" mb="0" cb="0"/><line nr="151" mi="0" ci="3" mb="0" cb="0"/><line nr="162" mi="0" ci="4" mb="0" cb="0"/><line nr="164" mi="0" ci="3" mb="1" cb="1"/><line nr="165" mi="9" ci="0" mb="0" cb="0"/><line nr="167" mi="0" ci="3" mb="1" cb="1"/><line nr="168" mi="9" ci="0" mb="0" cb="0"/><line nr="170" mi="0" ci="3" mb="1" cb="1"/><line nr="171" mi="0" ci="7" mb="0" cb="0"/><line nr="173" mi="0" ci="3" mb="1" cb="1"/><line nr="174" mi="0" ci="7" mb="0" cb="0"/><line nr="176" mi="0" ci="7" mb="0" cb="0"/><line nr="178" mi="0" ci="3" mb="0" cb="0"/><counter type="INSTRUCTION" missed="35" covered="147"/><counter type="BRANCH" missed="10" covered="14"/><counter type="LINE" missed="5" covered="34"/><counter type="COMPLEXITY" missed="11" covered="9"/><counter type="METHOD" missed="1" covered="5"/><counter type="CLASS" missed="0" covered="1"/></sourcefile><sourcefile name="InvalidSettingException.java"><line nr="38" mi="2" ci="0" mb="0" cb="0"/><line nr="39" mi="1" ci="0" mb="0" cb="0"/><line nr="47" mi="0" ci="3" mb="0" cb="0"/><line nr="48" mi="0" ci="1" mb="0" cb="0"/><line nr="56" mi="3" ci="0" mb="0" cb="0"/><line nr="57" mi="1" ci="0" mb="0" cb="0"/><line nr="66" mi="4" ci="0" mb="0" cb="0"/><line nr="67" mi="1" ci="0" mb="0" cb="0"/><counter type="INSTRUCTION" missed="12" covered="4"/><counter type="LINE" missed="6" covered="2"/><counter type="COMPLEXITY" missed="3" covered="1"/><counter type="METHOD" missed="3" covered="1"/><counter type="CLASS" missed="0" covered="1"/></sourcefile><sourcefile name="SSLSocketFactoryEx.java"><line nr="35" mi="0" ci="4" mb="0" cb="0"/><line nr="58" mi="0" ci="2" mb="0" cb="0"/><line nr="59" mi="0" ci="3" mb="0" cb="0"/><line nr="60" mi="0" ci="5" mb="0" cb="0"/><line nr="61" mi="0" ci="1" mb="0" cb="0"/><line nr="75" mi="2" ci="0" mb="0" cb="0"/><line nr="76" mi="3" ci="0" mb="0" cb="0"/><line nr="77" mi="5" ci="0" mb="0" cb="0"/><line nr="78" mi="1" ci="0" mb="0" cb="0"/><line nr="89" mi="2" ci="0" mb="0" cb="0"/><line nr="90" mi="3" ci="0" mb="0" cb="0"/><line nr="91" mi="3" ci="0" mb="0" cb="0"/><line nr="92" mi="1" ci="0" mb="0" cb="0"/><line nr="101" mi="5" ci="0" mb="0" cb="0"/><line nr="111" mi="5" ci="0" mb="0" cb="0"/><line nr="120" mi="8" ci="0" mb="0" cb="0"/><line nr="129" mi="8" ci="0" mb="0" cb="0"/><line nr="144" mi="0" ci="4" mb="0" cb="0"/><line nr="145" mi="0" ci="8" mb="0" cb="0"/><line nr="147" mi="0" ci="4" mb="0" cb="0"/><line nr="149" mi="0" ci="2" mb="0" cb="0"/><line nr="164" mi="4" ci="0" mb="0" cb="0"/><line nr="165" mi="8" ci="0" mb="0" cb="0"/><line nr="167" mi="4" ci="0" mb="0" cb="0"/><line nr="169" mi="2" ci="0" mb="0" cb="0"/><line nr="184" mi="4" ci="0" mb="0" cb="0"/><line nr="185" mi="8" ci="0" mb="0" cb="0"/><line nr="187" mi="4" ci="0" mb="0" cb="0"/><line nr="189" mi="2" ci="0" mb="0" cb="0"/><line nr="202" mi="4" ci="0" mb="0" cb="0"/><line nr="203" mi="6" ci="0" mb="0" cb="0"/><line nr="205" mi="4" ci="0" mb="0" cb="0"/><line nr="207" mi="2" ci="0" mb="0" cb="0"/><line nr="220" mi="4" ci="0" mb="0" cb="0"/><line nr="221" mi="6" ci="0" mb="0" cb="0"/><line nr="223" mi="4" ci="0" mb="0" cb="0"/><line nr="225" mi="2" ci="0" mb="0" cb="0"/><line nr="240" mi="0" ci="4" mb="0" cb="0"/><line nr="241" mi="0" ci="6" mb="0" cb="0"/><line nr="243" mi="0" ci="4" mb="0" cb="0"/><line nr="244" mi="0" ci="1" mb="0" cb="0"/><line nr="256" mi="3" ci="0" mb="0" cb="0"/><line nr="257" mi="4" ci="0" mb="0" cb="0"/><line nr="258" mi="1" ci="0" mb="0" cb="0"/><line nr="266" mi="0" ci="2" mb="0" cb="0"/><line nr="267" mi="0" ci="2" mb="0" cb="0"/><line nr="268" mi="0" ci="8" mb="0" cb="0"/><line nr="273" mi="0" ci="4" mb="0" cb="0"/><line nr="274" mi="0" ci="4" mb="0" cb="0"/><line nr="276" mi="0" ci="3" mb="0" cb="0"/><line nr="277" mi="0" ci="2" mb="0" cb="0"/><line nr="278" mi="0" ci="3" mb="1" cb="1"/><line nr="279" mi="3" ci="0" mb="0" cb="0"/><line nr="280" mi="16" ci="0" mb="2" cb="0"/><line nr="281" mi="3" ci="0" mb="0" cb="0"/><line nr="284" mi="1" ci="0" mb="0" cb="0"/><line nr="285" mi="4" ci="0" mb="0" cb="0"/><line nr="286" mi="7" ci="0" mb="0" cb="0"/><line nr="288" mi="5" ci="2" mb="5" cb="1"/><line nr="290" mi="4" ci="2" mb="0" cb="0"/><line nr="291" mi="3" ci="0" mb="0" cb="0"/><line nr="292" mi="12" ci="0" mb="0" cb="0"/><line nr="293" mi="7" ci="1" mb="0" cb="0"/><line nr="297" mi="0" ci="4" mb="0" cb="0"/><line nr="298" mi="0" ci="16" mb="0" cb="2"/><line nr="299" mi="0" ci="4" mb="0" cb="0"/><line nr="300" mi="0" ci="2" mb="0" cb="2"/><line nr="301" mi="0" ci="4" mb="0" cb="0"/><line nr="305" mi="0" ci="6" mb="0" cb="0"/><counter type="INSTRUCTION" missed="187" covered="117"/><counter type="BRANCH" missed="8" covered="6"/><counter type="LINE" missed="39" covered="30"/><counter type="COMPLEXITY" missed="16" covered="7"/><counter type="METHOD" missed="11" covered="5"/><counter type="CLASS" missed="0" covered="1"/></sourcefile><sourcefile name="ExpectedObjectInputStream.java"><line nr="41" mi="0" ci="5" mb="0" cb="0"/><line nr="52" mi="0" ci="3" mb="0" cb="0"/><line nr="53" mi="0" ci="6" mb="0" cb="0"/><line nr="54" mi="0" ci="1" mb="0" cb="0"/><line nr="67" mi="0" ci="6" mb="0" cb="2"/><line nr="68" mi="0" ci="7" mb="0" cb="0"/><line nr="70" mi="0" ci="4" mb="0" cb="0"/><counter type="INSTRUCTION" missed="0" covered="32"/><counter type="BRANCH" missed="0" covered="2"/><counter type="LINE" missed="0" covered="7"/><counter type="COMPLEXITY" missed="0" covered="3"/><counter type="METHOD" missed="0" covered="2"/><counter type="CLASS" missed="0" covered="1"/></sourcefile><sourcefile name="Downloader.java"><line nr="47" mi="0" ci="4" mb="0" cb="0"/><line nr="79" mi="0" ci="2" mb="0" cb="0"/><line nr="80" mi="0" ci="3" mb="0" cb="0"/><line nr="81" mi="0" ci="6" mb="0" cb="0"/><line nr="82" mi="0" ci="1" mb="0" cb="0"/><line nr="93" mi="0" ci="5" mb="0" cb="0"/><line nr="94" mi="0" ci="1" mb="0" cb="0"/><line nr="107" mi="0" ci="5" mb="0" cb="2"/><line nr="110" mi="0" ci="6" mb="0" cb="0"/><line nr="111" mi="1" ci="0" mb="0" cb="0"/><line nr="112" mi="10" ci="0" mb="0" cb="0"/><line nr="113" mi="5" ci="0" mb="0" cb="0"/><line nr="114" mi="0" ci="1" mb="0" cb="0"/><line nr="115" mi="0" ci="3" mb="1" cb="1"/><line nr="117" mi="0" ci="3" mb="0" cb="0"/><line nr="118" mi="1" ci="0" mb="0" cb="0"/><line nr="119" mi="15" ci="0" mb="0" cb="0"/><line nr="120" mi="6" ci="0" mb="0" cb="0"/><line nr="121" mi="0" ci="1" mb="0" cb="0"/><line nr="123" mi="10" ci="0" mb="0" cb="0"/><line nr="124" mi="5" ci="0" mb="0" cb="0"/><line nr="126" mi="0" ci="1" mb="0" cb="0"/><line nr="127" mi="0" ci="2" mb="0" cb="0"/><line nr="129" mi="0" ci="5" mb="0" cb="0"/><line nr="130" mi="0" ci="6" mb="0" cb="0"/><line nr="131" mi="0" ci="4" mb="0" cb="0"/><line nr="132" mi="0" ci="2" mb="0" cb="0"/><line nr="133" mi="0" ci="3" mb="0" cb="0"/><line nr="134" mi="0" ci="2" mb="0" cb="0"/><line nr="135" mi="0" ci="13" mb="3" cb="5"/><line nr="139" mi="0" ci="4" mb="0" cb="0"/><line nr="141" mi="0" ci="2" mb="0" cb="0"/><line nr="143" mi="5" ci="2" mb="0" cb="0"/><line nr="144" mi="0" ci="1" mb="0" cb="0"/><line nr="145" mi="0" ci="6" mb="0" cb="0"/><line nr="146" mi="0" ci="9" mb="0" cb="0"/><line nr="147" mi="0" ci="4" mb="0" cb="0"/><line nr="148" mi="0" ci="2" mb="0" cb="0"/><line nr="149" mi="0" ci="3" mb="0" cb="0"/><line nr="150" mi="0" ci="1" mb="0" cb="0"/><line nr="151" mi="0" ci="3" mb="1" cb="1"/><line nr="153" mi="2" ci="0" mb="0" cb="0"/><line nr="155" mi="7" ci="0" mb="0" cb="0"/><line nr="156" mi="1" ci="0" mb="0" cb="0"/><line nr="157" mi="15" ci="0" mb="0" cb="0"/><line nr="158" mi="5" ci="0" mb="0" cb="0"/><line nr="161" mi="1" ci="0" mb="0" cb="0"/><line nr="163" mi="2" ci="0" mb="2" cb="0"/><line nr="164" mi="2" ci="0" mb="0" cb="0"/><line nr="167" mi="7" ci="0" mb="0" cb="0"/><line nr="168" mi="1" ci="0" mb="0" cb="0"/><line nr="169" mi="5" ci="0" mb="2" cb="0"/><line nr="170" mi="5" ci="0" mb="0" cb="0"/><line nr="173" mi="3" ci="0" mb="0" cb="0"/><line nr="174" mi="6" ci="0" mb="0" cb="0"/><line nr="176" mi="10" ci="0" mb="0" cb="0"/><line nr="177" mi="6" ci="0" mb="0" cb="0"/><line nr="178" mi="0" ci="1" mb="0" cb="0"/><line nr="180" mi="0" ci="3" mb="0" cb="0"/><line nr="181" mi="0" ci="2" mb="0" cb="0"/><line nr="182" mi="10" ci="9" mb="0" cb="0"/><line nr="183" mi="0" ci="5" mb="0" cb="0"/><line nr="184" mi="4" ci="2" mb="3" cb="1"/><line nr="185" mi="7" ci="0" mb="0" cb="0"/><line nr="186" mi="4" ci="2" mb="3" cb="1"/><line nr="187" mi="7" ci="0" mb="0" cb="0"/><line nr="189" mi="0" ci="3" mb="0" cb="0"/><line nr="192" mi="0" ci="3" mb="0" cb="0"/><line nr="194" mi="0" ci="6" mb="0" cb="2"/><line nr="195" mi="0" ci="6" mb="0" cb="0"/><line nr="197" mi="0" ci="5" mb="0" cb="0"/><line nr="198" mi="51" ci="14" mb="12" cb="4"/><line nr="199" mi="3" ci="0" mb="0" cb="0"/><line nr="200" mi="25" ci="0" mb="0" cb="0"/><line nr="202" mi="6" ci="0" mb="0" cb="0"/><line nr="203" mi="1" ci="0" mb="0" cb="0"/><line nr="204" mi="25" ci="0" mb="0" cb="0"/><line nr="206" mi="6" ci="0" mb="0" cb="0"/><line nr="208" mi="3" ci="2" mb="3" cb="1"/><line nr="210" mi="2" ci="2" mb="0" cb="0"/><line nr="211" mi="2" ci="0" mb="0" cb="0"/><line nr="212" mi="8" ci="0" mb="0" cb="0"/><line nr="213" mi="1" ci="1" mb="0" cb="0"/><line nr="216" mi="2" ci="2" mb="0" cb="0"/><line nr="218" mi="14" ci="2" mb="0" cb="0"/><line nr="219" mi="1" ci="1" mb="0" cb="0"/><line nr="220" mi="0" ci="1" mb="0" cb="0"/><line nr="222" mi="0" ci="1" mb="0" cb="0"/><line nr="235" mi="0" ci="5" mb="0" cb="0"/><line nr="251" mi="0" ci="2" mb="0" cb="0"/><line nr="253" mi="0" ci="5" mb="0" cb="2"/><line nr="256" mi="0" ci="6" mb="0" cb="0"/><line nr="257" mi="1" ci="0" mb="0" cb="0"/><line nr="258" mi="10" ci="0" mb="0" cb="0"/><line nr="259" mi="6" ci="0" mb="0" cb="0"/><line nr="260" mi="0" ci="1" mb="0" cb="0"/><line nr="261" mi="0" ci="3" mb="0" cb="0"/><line nr="262" mi="0" ci="1" mb="0" cb="0"/><line nr="263" mi="0" ci="3" mb="0" cb="0"/><line nr="264" mi="0" ci="2" mb="0" cb="0"/><line nr="266" mi="0" ci="5" mb="0" cb="0"/><line nr="267" mi="0" ci="3" mb="0" cb="0"/><line nr="268" mi="0" ci="2" mb="0" cb="0"/><line nr="269" mi="0" ci="3" mb="0" cb="0"/><line nr="270" mi="0" ci="6" mb="2" cb="2"/><line nr="271" mi="0" ci="4" mb="0" cb="0"/><line nr="273" mi="12" ci="0" mb="0" cb="0"/><line nr="275" mi="1" ci="0" mb="0" cb="0"/><line nr="276" mi="13" ci="0" mb="0" cb="0"/><line nr="277" mi="1" ci="0" mb="0" cb="0"/><line nr="278" mi="3" ci="0" mb="0" cb="0"/><line nr="279" mi="11" ci="0" mb="0" cb="0"/><line nr="280" mi="4" ci="0" mb="0" cb="0"/><line nr="281" mi="3" ci="0" mb="2" cb="0"/><line nr="282" mi="14" ci="0" mb="0" cb="0"/><line nr="286" mi="7" ci="0" mb="4" cb="0"/><line nr="287" mi="5" ci="0" mb="0" cb="0"/><line nr="288" mi="5" ci="0" mb="0" cb="0"/><line nr="290" mi="1" ci="0" mb="0" cb="0"/><line nr="291" mi="4" ci="0" mb="0" cb="0"/><line nr="292" mi="1" ci="0" mb="0" cb="0"/><line nr="293" mi="13" ci="0" mb="0" cb="0"/><line nr="295" mi="5" ci="2" mb="5" cb="1"/><line nr="297" mi="4" ci="2" mb="0" cb="0"/><line nr="299" mi="23" ci="3" mb="0" cb="0"/><line nr="300" mi="2" ci="1" mb="0" cb="0"/><line nr="304" mi="0" ci="2" mb="0" cb="0"/><line nr="318" mi="2" ci="0" mb="0" cb="0"/><line nr="319" mi="2" ci="0" mb="2" cb="0"/><line nr="320" mi="3" ci="0" mb="2" cb="0"/><line nr="321" mi="10" ci="0" mb="0" cb="0"/><line nr="322" mi="3" ci="0" mb="0" cb="0"/><line nr="323" mi="5" ci="0" mb="0" cb="0"/><line nr="325" mi="3" ci="0" mb="2" cb="0"/><line nr="326" mi="3" ci="0" mb="0" cb="0"/><line nr="327" mi="3" ci="0" mb="0" cb="0"/><line nr="328" mi="3" ci="0" mb="0" cb="0"/><line nr="329" mi="3" ci="0" mb="0" cb="0"/><line nr="330" mi="3" ci="0" mb="0" cb="0"/><line nr="332" mi="17" ci="0" mb="0" cb="0"/><line nr="334" mi="5" ci="0" mb="0" cb="0"/><line nr="336" mi="4" ci="0" mb="0" cb="0"/><line nr="338" mi="1" ci="0" mb="0" cb="0"/><line nr="346" mi="1" ci="6" mb="1" cb="1"/><line nr="359" mi="0" ci="6" mb="0" cb="0"/><line nr="360" mi="1" ci="0" mb="0" cb="0"/><line nr="361" mi="3" ci="0" mb="2" cb="0"/><line nr="362" mi="6" ci="0" mb="0" cb="0"/><line nr="364" mi="2" ci="0" mb="0" cb="0"/><line nr="365" mi="0" ci="1" mb="0" cb="0"/><line nr="366" mi="0" ci="2" mb="0" cb="0"/><counter type="INSTRUCTION" missed="550" covered="265"/><counter type="BRANCH" missed="52" covered="24"/><counter type="LINE" missed="73" covered="78"/><counter type="COMPLEXITY" missed="35" covered="12"/><counter type="METHOD" missed="1" covered="8"/><counter type="CLASS" missed="0" covered="1"/></sourcefile><sourcefile name="Checksum.java"><line nr="44" mi="2" ci="0" mb="0" cb="0"/><line nr="45" mi="1" ci="0" mb="0" cb="0"/><line nr="60" mi="0" ci="3" mb="0" cb="0"/><line nr="61" mi="10" ci="9" mb="0" cb="0"/><line nr="62" mi="0" ci="3" mb="0" cb="0"/><line nr="63" mi="0" ci="3" mb="0" cb="0"/><line nr="64" mi="0" ci="4" mb="0" cb="0"/><line nr="65" mi="0" ci="5" mb="1" cb="3"/><line nr="66" mi="0" ci="3" mb="0" cb="0"/><line nr="67" mi="0" ci="3" mb="0" cb="0"/><line nr="68" mi="0" ci="4" mb="0" cb="0"/><line nr="69" mi="0" ci="5" mb="0" cb="0"/><line nr="70" mi="0" ci="3" mb="0" cb="0"/><line nr="71" mi="0" ci="4" mb="0" cb="0"/><line nr="72" mi="0" ci="1" mb="0" cb="0"/><line nr="73" mi="0" ci="3" mb="0" cb="0"/><line nr="74" mi="50" ci="14" mb="12" cb="4"/><line nr="86" mi="0" ci="4" mb="0" cb="0"/><line nr="87" mi="0" ci="3" mb="0" cb="0"/><line nr="99" mi="0" ci="4" mb="0" cb="0"/><line nr="100" mi="0" ci="3" mb="0" cb="0"/><line nr="115" mi="0" ci="2" mb="1" cb="1"/><line nr="116" mi="2" ci="0" mb="0" cb="0"/><line nr="118" mi="0" ci="8" mb="0" cb="0"/><line nr="119" mi="0" ci="16" mb="0" cb="2"/><line nr="120" mi="0" ci="16" mb="0" cb="0"/><line nr="122" mi="0" ci="3" mb="0" cb="0"/><counter type="INSTRUCTION" missed="65" covered="126"/><counter type="BRANCH" missed="14" covered="10"/><counter type="LINE" missed="3" covered="24"/><counter type="COMPLEXITY" missed="11" covered="6"/><counter type="METHOD" missed="1" covered="4"/><counter type="CLASS" missed="0" covered="1"/></sourcefile><sourcefile name="DownloadFailedException.java"><line nr="38" mi="2" ci="0" mb="0" cb="0"/><line nr="39" mi="1" ci="0" mb="0" cb="0"/><line nr="47" mi="3" ci="0" mb="0" cb="0"/><line nr="48" mi="1" ci="0" mb="0" cb="0"/><line nr="56" mi="3" ci="0" mb="0" cb="0"/><line nr="57" mi="1" ci="0" mb="0" cb="0"/><line nr="66" mi="4" ci="0" mb="0" cb="0"/><line nr="67" mi="1" ci="0" mb="0" cb="0"/><counter type="INSTRUCTION" missed="16" covered="0"/><counter type="LINE" missed="8" covered="0"/><counter type="COMPLEXITY" missed="4" covered="0"/><counter type="METHOD" missed="4" covered="0"/><counter type="CLASS" missed="1" covered="0"/></sourcefile><sourcefile name="FileUtils.java"><line nr="41" mi="0" ci="4" mb="0" cb="0"/><line nr="55" mi="2" ci="0" mb="0" cb="0"/><line nr="56" mi="1" ci="0" mb="0" cb="0"/><line nr="65" mi="0" ci="3" mb="0" cb="0"/><line nr="66" mi="0" ci="11" mb="1" cb="3"/><line nr="77" mi="0" ci="3" mb="0" cb="0"/><line nr="78" mi="0" ci="2" mb="1" cb="1"/><line nr="79" mi="5" ci="0" mb="0" cb="0"/><line nr="80" mi="2" ci="0" mb="0" cb="0"/><line nr="82" mi="0" ci="2" mb="0" cb="0"/><line nr="94" mi="0" ci="14" mb="0" cb="0"/><line nr="95" mi="0" ci="3" mb="1" cb="1"/><line nr="96" mi="3" ci="0" mb="0" cb="0"/><line nr="98" mi="0" ci="3" mb="1" cb="1"/><line nr="99" mi="15" ci="0" mb="0" cb="0"/><line nr="101" mi="0" ci="2" mb="0" cb="0"/><line nr="111" mi="2" ci="0" mb="2" cb="0"/><line nr="112" mi="2" ci="0" mb="0" cb="0"/><line nr="114" mi="2" ci="0" mb="0" cb="0"/><line nr="125" mi="0" ci="3" mb="0" cb="2"/><line nr="127" mi="0" ci="2" mb="0" cb="0"/><line nr="128" mi="1" ci="0" mb="0" cb="0"/><line nr="129" mi="4" ci="0" mb="0" cb="0"/><line nr="130" mi="0" ci="1" mb="0" cb="0"/><line nr="132" mi="0" ci="1" mb="0" cb="0"/><line nr="141" mi="2" ci="9" mb="1" cb="1"/><counter type="INSTRUCTION" missed="41" covered="63"/><counter type="BRANCH" missed="7" covered="9"/><counter type="LINE" missed="11" covered="15"/><counter type="COMPLEXITY" missed="8" covered="8"/><counter type="METHOD" missed="2" covered="6"/><counter type="CLASS" missed="0" covered="1"/></sourcefile><counter type="INSTRUCTION" missed="1577" covered="1299"/><counter type="BRANCH" missed="196" covered="112"/><counter type="LINE" missed="269" covered="326"/><counter type="COMPLEXITY" missed="171" covered="90"/><counter type="METHOD" missed="42" covered="63"/><counter type="CLASS" missed="5" covered="9"/></package><counter type="INSTRUCTION" missed="1577" covered="1299"/><counter type="BRANCH" missed="196" covered="112"/><counter type="LINE" missed="269" covered="326"/><counter type="COMPLEXITY" missed="171" covered="90"/><counter type="METHOD" missed="42" covered="63"/><counter type="CLASS" missed="5" covered="9"/></group><counter type="INSTRUCTION" missed="1577" covered="1299"/><counter type="BRANCH" missed="196" covered="112"/><counter type="LINE" missed="269" covered="326"/><counter type="COMPLEXITY" missed="171" covered="90"/><counter type="METHOD" missed="42" covered="63"/><counter type="CLASS" missed="5" covered="9"/></report>